         0 -160.00000    0.00000
     10000 -132.00000  -13.00000
     20000 -121.33333  -17.33333
     30000 -103.00000  -20.00000
     40000 -100.80000   -8.80000
     50000 -100.00000  -14.66667
     60000  -95.42857  -11.42857
     70000  -95.00000  -10.50000
     80000  -94.22222   -7.33333
     90000  -92.00000   -6.80000
    100000  -90.54545   -1.63636
    110000  -91.00000    1.83333
    120000  -93.53846   -2.30769
    130000  -91.71429   -4.42857
    140000  -90.13333   -4.13333
    150000  -90.75000   -7.75000
    160000  -92.23529   -4.00000
    170000  -92.66667   -2.88889
    180000  -92.00000   -4.73684
    190000  -90.80000   -2.90000
    200000  -90.66667   -3.52381
    210000  -90.00000   -3.90909
    220000  -90.78261   -6.52174
    230000  -91.66667   -5.91667
    240000  -92.48000   -8.16000
    250000  -93.53846   -5.30769
    260000  -93.18519   -6.74074
    270000  -92.00000   -7.85714
    280000  -91.44828   -7.31034
    290000  -91.20000   -6.66667
    300000  -90.96774   -8.12903
    310000  -89.87500   -7.56250
    320000  -90.06061   -8.84848
    330000  -90.47059   -8.11765
    340000  -89.60000   -7.82857
    350000  -89.00000   -6.77778
    360000  -89.18919   -7.62162
    370000  -88.63158   -8.00000
    380000  -87.48718   -7.33333
    390000  -88.20000   -8.35000
    400000  -87.21951   -8.53659
    410000  -86.76190   -7.85714
    420000  -87.06977   -9.11628
    430000  -87.45455   -9.77273
    440000  -87.55556   -9.11111
    450000  -87.65217   -7.91304
    460000  -86.97872   -8.00000
    470000  -86.75000   -7.37500
    480000  -86.28571   -7.95918
    490000  -86.64000   -6.60000
    500000  -86.58824   -5.49020
    510000  -86.53846   -6.03846
    520000  -86.18868   -5.69811
    530000  -85.62963   -4.96296
    540000  -85.52727   -4.94545
    550000  -86.21429   -4.85714
    560000  -87.01754   -3.40351
    570000  -86.68966   -3.75862
    580000  -86.71186   -2.94915
    590000  -86.66667   -2.70000
    600000  -87.34426   -3.77049
    610000  -87.22581   -4.35484
    620000  -87.17460   -4.41270
    630000  -87.12500   -4.71875
    640000  -87.07692   -4.61538
    650000  -86.78788   -4.39394
    660000  -86.86567   -5.13433
    670000  -86.29412   -4.94118
    680000  -86.14493   -5.30435
    690000  -86.11429   -5.34286
    700000  -86.14085   -5.18310
    710000  -86.00000   -5.27778
    720000  -85.86301   -5.28767
    730000  -85.67568   -5.54054
    740000  -86.02667   -6.37333
    750000  -86.05263   -6.68421
    760000  -86.18182   -6.05195
    770000  -86.20513   -6.71795
    780000  -86.17722   -7.31646
    790000  -86.50000   -6.50000
    800000  -86.22222   -6.76543
    810000  -86.43902   -6.26829
    820000  -85.97590   -6.33735
    830000  -85.80952   -6.26190
    840000  -85.83529   -5.95294
    850000  -85.95349   -5.65116
    860000  -85.83908   -5.14943
    870000  -85.36364   -5.00000
    880000  -85.52809   -5.12360
    890000  -85.55556   -5.00000
    900000  -85.84615   -4.83516
    910000  -85.95652   -4.21739
    920000  -85.84946   -4.38710
    930000  -85.61702   -4.42553
    940000  -85.60000   -4.84211
    950000  -85.54167   -4.56250
    960000  -85.69072   -4.00000
    970000  -85.59184   -4.36735
    980000  -85.57576   -3.87879
    990000  -85.84000   -4.28000
    999999  -85.84000   -4.28000
